app/build/intermediates/manifest_merge_blame_file/release/processReleaseMainManifest/manifest-merger-blame-release-report.txt
1<?xml version="1.0" encoding="utf-8"?>
2<manifest xmlns:android="http://schemas.android.com/apk/res/android"
3    package="com.francescoprochilo.fuelfinder"
4    android:versionCode="58"
5    android:versionName="1.0.58" >
6
7    <uses-sdk
8        android:minSdkVersion="24"
9        android:targetSdkVersion="35" />
10
11    <uses-permission android:name="android.permission.INTERNET" />
11-->src/main/AndroidManifest.xml:4:5-67
11-->src/main/AndroidManifest.xml:4:22-64
12    <uses-permission android:name="android.permission.ACCESS_FINE_LOCATION" />
12-->src/main/AndroidManifest.xml:5:5-79
12-->src/main/AndroidManifest.xml:5:22-76
13    <uses-permission android:name="android.permission.ACCESS_COARSE_LOCATION" />
13-->src/main/AndroidManifest.xml:6:5-81
13-->src/main/AndroidManifest.xml:6:22-78
14    <uses-permission android:name="android.permission.RECEIVE_BOOT_COMPLETED" />
14-->src/main/AndroidManifest.xml:7:5-81
14-->src/main/AndroidManifest.xml:7:22-78
15
16    <!-- Android Auto permissions -->
17    <uses-permission android:name="com.google.android.gms.permission.CAR_FUEL" />
17-->src/main/AndroidManifest.xml:10:5-82
17-->src/main/AndroidManifest.xml:10:22-79
18    <uses-permission android:name="androidx.car.app.MAP_TEMPLATES" />
18-->src/main/AndroidManifest.xml:11:5-70
18-->src/main/AndroidManifest.xml:11:22-67
19
20    <uses-feature
20-->src/main/AndroidManifest.xml:13:5-15:36
21        android:name="android.software.car.templates_host"
21-->src/main/AndroidManifest.xml:14:9-59
22        android:required="false" />
22-->src/main/AndroidManifest.xml:15:9-33
23
24    <queries>
24-->[androidx.car.app:app:1.4.0] AndroidManifest.xml:23:5-28:15
25        <provider
25-->[androidx.car.app:app:1.4.0] AndroidManifest.xml:24:9-27:43
26            android:name="androidx.car.app.connection.provider"
26-->[androidx.car.app:app:1.4.0] AndroidManifest.xml:25:13-64
27            android:authorities="androidx.car.app.connection" />
27-->[androidx.car.app:app:1.4.0] AndroidManifest.xml:26:13-62
28        <!-- Needs to be explicitly declared on Android R+ -->
29        <package android:name="com.google.android.apps.maps" />
29-->[com.google.android.gms:play-services-maps:18.2.0] AndroidManifest.xml:33:9-64
29-->[com.google.android.gms:play-services-maps:18.2.0] AndroidManifest.xml:33:18-61
30    </queries> <!-- Include required permissions for Google Maps API to run. -->
31    <uses-permission android:name="android.permission.ACCESS_NETWORK_STATE" />
31-->[com.google.android.gms:play-services-maps:18.2.0] AndroidManifest.xml:23:5-79
31-->[com.google.android.gms:play-services-maps:18.2.0] AndroidManifest.xml:23:22-76
32
33    <uses-feature
33-->[com.google.android.gms:play-services-maps:18.2.0] AndroidManifest.xml:26:5-28:35
34        android:glEsVersion="0x00020000"
34-->[com.google.android.gms:play-services-maps:18.2.0] AndroidManifest.xml:27:9-41
35        android:required="true" />
35-->[com.google.android.gms:play-services-maps:18.2.0] AndroidManifest.xml:28:9-32
36
37    <uses-permission android:name="android.permission.WAKE_LOCK" />
37-->[androidx.work:work-runtime:2.9.0] AndroidManifest.xml:23:5-68
37-->[androidx.work:work-runtime:2.9.0] AndroidManifest.xml:23:22-65
38    <uses-permission android:name="android.permission.FOREGROUND_SERVICE" />
38-->[androidx.work:work-runtime:2.9.0] AndroidManifest.xml:26:5-77
38-->[androidx.work:work-runtime:2.9.0] AndroidManifest.xml:26:22-74
39
40    <permission
40-->[androidx.core:core:1.12.0] AndroidManifest.xml:22:5-24:47
41        android:name="com.francescoprochilo.fuelfinder.DYNAMIC_RECEIVER_NOT_EXPORTED_PERMISSION"
41-->[androidx.core:core:1.12.0] AndroidManifest.xml:23:9-81
42        android:protectionLevel="signature" />
42-->[androidx.core:core:1.12.0] AndroidManifest.xml:24:9-44
43
44    <uses-permission android:name="com.francescoprochilo.fuelfinder.DYNAMIC_RECEIVER_NOT_EXPORTED_PERMISSION" />
44-->[androidx.core:core:1.12.0] AndroidManifest.xml:26:5-97
44-->[androidx.core:core:1.12.0] AndroidManifest.xml:26:22-94
45
46    <application
46-->src/main/AndroidManifest.xml:17:5-82:19
47        android:allowBackup="true"
47-->src/main/AndroidManifest.xml:18:9-35
48        android:appComponentFactory="androidx.core.app.CoreComponentFactory"
48-->[androidx.core:core:1.12.0] AndroidManifest.xml:28:18-86
49        android:extractNativeLibs="false"
50        android:icon="@mipmap/ic_launcher"
50-->src/main/AndroidManifest.xml:21:9-43
51        android:label="@string/app_name"
51-->src/main/AndroidManifest.xml:19:9-41
52        android:roundIcon="@mipmap/ic_launcher_round"
52-->src/main/AndroidManifest.xml:22:9-54
53        android:theme="@style/Theme.FuelFinder" >
53-->src/main/AndroidManifest.xml:20:9-48
54        <meta-data
55            android:name="com.google.android.geo.API_KEY"
55-->src/main/AndroidManifest.xml:25:13-58
56            android:value="AIzaSyA7JJtoSkEJeOpF39QPCdEWwOqJWKaEVm0" />
56-->src/main/AndroidManifest.xml:26:13-44
57
58        <!-- Android Auto metadata -->
59        <meta-data
59-->src/main/AndroidManifest.xml:29:9-31:59
60            android:name="com.google.android.gms.car.application"
60-->src/main/AndroidManifest.xml:30:13-66
61            android:resource="@xml/automotive_app_desc" />
61-->src/main/AndroidManifest.xml:31:13-56
62        <meta-data
62-->src/main/AndroidManifest.xml:32:9-34:33
63            android:name="androidx.car.app.minCarApiLevel"
63-->src/main/AndroidManifest.xml:33:13-59
64            android:value="2" />
64-->src/main/AndroidManifest.xml:34:13-30
65
66        <activity
66-->src/main/AndroidManifest.xml:36:9-45:20
67            android:name="com.fuelfinder.app.MainActivity"
67-->src/main/AndroidManifest.xml:37:13-41
68            android:exported="true"
68-->src/main/AndroidManifest.xml:38:13-36
69            android:launchMode="singleTask" >
69-->src/main/AndroidManifest.xml:39:13-44
70            <intent-filter>
70-->src/main/AndroidManifest.xml:40:13-43:29
71                <action android:name="android.intent.action.MAIN" />
71-->src/main/AndroidManifest.xml:41:17-69
71-->src/main/AndroidManifest.xml:41:25-66
72
73                <category android:name="android.intent.category.LAUNCHER" />
73-->src/main/AndroidManifest.xml:42:17-77
73-->src/main/AndroidManifest.xml:42:27-74
74            </intent-filter>
75
76            <meta-data
76-->src/main/AndroidManifest.xml:44:13-82
77                android:name="distractionOptimized"
77-->src/main/AndroidManifest.xml:44:24-59
78                android:value="true" />
78-->src/main/AndroidManifest.xml:44:60-80
79        </activity>
80
81        <!-- Car Service per Android Auto -->
82        <service
82-->src/main/AndroidManifest.xml:48:9-59:19
83            android:name="com.fuelfinder.app.auto.FuelFinderCarAppService"
83-->src/main/AndroidManifest.xml:49:13-57
84            android:exported="true"
84-->src/main/AndroidManifest.xml:50:13-36
85            android:label="FuelFinder per Auto" >
85-->src/main/AndroidManifest.xml:51:13-48
86            <intent-filter>
86-->src/main/AndroidManifest.xml:52:13-55:29
87                <action android:name="androidx.car.app.CarAppService" />
87-->src/main/AndroidManifest.xml:53:17-73
87-->src/main/AndroidManifest.xml:53:25-70
88
89                <category android:name="androidx.car.app.category.POI" />
89-->src/main/AndroidManifest.xml:54:17-74
89-->src/main/AndroidManifest.xml:54:27-71
90            </intent-filter>
91
92            <meta-data
92-->src/main/AndroidManifest.xml:32:9-34:33
93                android:name="androidx.car.app.minCarApiLevel"
93-->src/main/AndroidManifest.xml:33:13-59
94                android:value="2" />
94-->src/main/AndroidManifest.xml:34:13-30
95        </service>
96
97        <!-- Widget Provider -->
98        <receiver
98-->src/main/AndroidManifest.xml:62:9-75:20
99            android:name="com.fuelfinder.app.widget.FuelFinderWidgetProvider"
99-->src/main/AndroidManifest.xml:63:13-60
100            android:exported="true"
100-->src/main/AndroidManifest.xml:64:13-36
101            android:label="FuelFinder Widget" >
101-->src/main/AndroidManifest.xml:65:13-46
102            <intent-filter>
102-->src/main/AndroidManifest.xml:66:13-71:29
103                <action android:name="android.appwidget.action.APPWIDGET_UPDATE" />
103-->src/main/AndroidManifest.xml:67:17-84
103-->src/main/AndroidManifest.xml:67:25-81
104                <action android:name="com.francescoprochilo.fuelfinder.UPDATE_WIDGET" />
104-->src/main/AndroidManifest.xml:68:17-89
104-->src/main/AndroidManifest.xml:68:25-86
105                <action android:name="com.francescoprochilo.fuelfinder.NAVIGATE" />
105-->src/main/AndroidManifest.xml:69:17-84
105-->src/main/AndroidManifest.xml:69:25-81
106                <action android:name="com.francescoprochilo.fuelfinder.TOGGLE_SORT" />
106-->src/main/AndroidManifest.xml:70:17-87
106-->src/main/AndroidManifest.xml:70:25-84
107            </intent-filter>
108
109            <meta-data
109-->src/main/AndroidManifest.xml:72:13-74:67
110                android:name="android.appwidget.provider"
110-->src/main/AndroidManifest.xml:73:17-58
111                android:resource="@xml/widget_fuel_finder_info" />
111-->src/main/AndroidManifest.xml:74:17-64
112        </receiver>
113
114        <!-- Widget Update Service -->
115        <service
115-->src/main/AndroidManifest.xml:78:9-80:40
116            android:name="com.fuelfinder.app.widget.WidgetUpdateService"
116-->src/main/AndroidManifest.xml:79:13-55
117            android:exported="false" />
117-->src/main/AndroidManifest.xml:80:13-37
118
119        <activity
119-->[androidx.car.app:app:1.4.0] AndroidManifest.xml:31:9-34:75
120            android:name="androidx.car.app.CarAppPermissionActivity"
120-->[androidx.car.app:app:1.4.0] AndroidManifest.xml:32:13-69
121            android:exported="false"
121-->[androidx.car.app:app:1.4.0] AndroidManifest.xml:33:13-37
122            android:theme="@android:style/Theme.Translucent.NoTitleBar" />
122-->[androidx.car.app:app:1.4.0] AndroidManifest.xml:34:13-72
123
124        <receiver
124-->[androidx.car.app:app:1.4.0] AndroidManifest.xml:36:9-38:40
125            android:name="androidx.car.app.notification.CarAppNotificationBroadcastReceiver"
125-->[androidx.car.app:app:1.4.0] AndroidManifest.xml:37:13-93
126            android:exported="false" />
126-->[androidx.car.app:app:1.4.0] AndroidManifest.xml:38:13-37
127
128        <provider
128-->[androidx.emoji2:emoji2:1.2.0] AndroidManifest.xml:24:9-32:20
129            android:name="androidx.startup.InitializationProvider"
129-->[androidx.emoji2:emoji2:1.2.0] AndroidManifest.xml:25:13-67
130            android:authorities="com.francescoprochilo.fuelfinder.androidx-startup"
130-->[androidx.emoji2:emoji2:1.2.0] AndroidManifest.xml:26:13-68
131            android:exported="false" >
131-->[androidx.emoji2:emoji2:1.2.0] AndroidManifest.xml:27:13-37
132            <meta-data
132-->[androidx.emoji2:emoji2:1.2.0] AndroidManifest.xml:29:13-31:52
133                android:name="androidx.emoji2.text.EmojiCompatInitializer"
133-->[androidx.emoji2:emoji2:1.2.0] AndroidManifest.xml:30:17-75
134                android:value="androidx.startup" />
134-->[androidx.emoji2:emoji2:1.2.0] AndroidManifest.xml:31:17-49
135            <meta-data
135-->[androidx.work:work-runtime:2.9.0] AndroidManifest.xml:34:13-36:52
136                android:name="androidx.work.WorkManagerInitializer"
136-->[androidx.work:work-runtime:2.9.0] AndroidManifest.xml:35:17-68
137                android:value="androidx.startup" />
137-->[androidx.work:work-runtime:2.9.0] AndroidManifest.xml:36:17-49
138            <meta-data
138-->[androidx.lifecycle:lifecycle-process:2.7.0] AndroidManifest.xml:29:13-31:52
139                android:name="androidx.lifecycle.ProcessLifecycleInitializer"
139-->[androidx.lifecycle:lifecycle-process:2.7.0] AndroidManifest.xml:30:17-78
140                android:value="androidx.startup" />
140-->[androidx.lifecycle:lifecycle-process:2.7.0] AndroidManifest.xml:31:17-49
141            <meta-data
141-->[androidx.profileinstaller:profileinstaller:1.3.0] AndroidManifest.xml:29:13-31:52
142                android:name="androidx.profileinstaller.ProfileInstallerInitializer"
142-->[androidx.profileinstaller:profileinstaller:1.3.0] AndroidManifest.xml:30:17-85
143                android:value="androidx.startup" />
143-->[androidx.profileinstaller:profileinstaller:1.3.0] AndroidManifest.xml:31:17-49
144        </provider>
145
146        <meta-data
146-->[com.google.maps.android:android-maps-utils:3.8.0] AndroidManifest.xml:8:9-10:69
147            android:name="com.google.android.gms.version"
147-->[com.google.maps.android:android-maps-utils:3.8.0] AndroidManifest.xml:9:13-58
148            android:value="@integer/google_play_services_version" /> <!-- Needs to be explicitly declared on P+ -->
148-->[com.google.maps.android:android-maps-utils:3.8.0] AndroidManifest.xml:10:13-66
149        <uses-library
149-->[com.google.android.gms:play-services-maps:18.2.0] AndroidManifest.xml:39:9-41:40
150            android:name="org.apache.http.legacy"
150-->[com.google.android.gms:play-services-maps:18.2.0] AndroidManifest.xml:40:13-50
151            android:required="false" />
151-->[com.google.android.gms:play-services-maps:18.2.0] AndroidManifest.xml:41:13-37
152
153        <activity
153-->[com.google.android.gms:play-services-base:18.1.0] AndroidManifest.xml:20:9-22:45
154            android:name="com.google.android.gms.common.api.GoogleApiActivity"
154-->[com.google.android.gms:play-services-base:18.1.0] AndroidManifest.xml:20:19-85
155            android:exported="false"
155-->[com.google.android.gms:play-services-base:18.1.0] AndroidManifest.xml:22:19-43
156            android:theme="@android:style/Theme.Translucent.NoTitleBar" />
156-->[com.google.android.gms:play-services-base:18.1.0] AndroidManifest.xml:21:19-78
157
158        <service
158-->[androidx.work:work-runtime:2.9.0] AndroidManifest.xml:39:9-45:35
159            android:name="androidx.work.impl.background.systemalarm.SystemAlarmService"
159-->[androidx.work:work-runtime:2.9.0] AndroidManifest.xml:40:13-88
160            android:directBootAware="false"
160-->[androidx.work:work-runtime:2.9.0] AndroidManifest.xml:41:13-44
161            android:enabled="@bool/enable_system_alarm_service_default"
161-->[androidx.work:work-runtime:2.9.0] AndroidManifest.xml:42:13-72
162            android:exported="false" />
162-->[androidx.work:work-runtime:2.9.0] AndroidManifest.xml:43:13-37
163        <service
163-->[androidx.work:work-runtime:2.9.0] AndroidManifest.xml:46:9-52:35
164            android:name="androidx.work.impl.background.systemjob.SystemJobService"
164-->[androidx.work:work-runtime:2.9.0] AndroidManifest.xml:47:13-84
165            android:directBootAware="false"
165-->[androidx.work:work-runtime:2.9.0] AndroidManifest.xml:48:13-44
166            android:enabled="@bool/enable_system_job_service_default"
166-->[androidx.work:work-runtime:2.9.0] AndroidManifest.xml:49:13-70
167            android:exported="true"
167-->[androidx.work:work-runtime:2.9.0] AndroidManifest.xml:50:13-36
168            android:permission="android.permission.BIND_JOB_SERVICE" />
168-->[androidx.work:work-runtime:2.9.0] AndroidManifest.xml:51:13-69
169        <service
169-->[androidx.work:work-runtime:2.9.0] AndroidManifest.xml:53:9-59:35
170            android:name="androidx.work.impl.foreground.SystemForegroundService"
170-->[androidx.work:work-runtime:2.9.0] AndroidManifest.xml:54:13-81
171            android:directBootAware="false"
171-->[androidx.work:work-runtime:2.9.0] AndroidManifest.xml:55:13-44
172            android:enabled="@bool/enable_system_foreground_service_default"
172-->[androidx.work:work-runtime:2.9.0] AndroidManifest.xml:56:13-77
173            android:exported="false" />
173-->[androidx.work:work-runtime:2.9.0] AndroidManifest.xml:57:13-37
174
175        <receiver
175-->[androidx.work:work-runtime:2.9.0] AndroidManifest.xml:61:9-66:35
176            android:name="androidx.work.impl.utils.ForceStopRunnable$BroadcastReceiver"
176-->[androidx.work:work-runtime:2.9.0] AndroidManifest.xml:62:13-88
177            android:directBootAware="false"
177-->[androidx.work:work-runtime:2.9.0] AndroidManifest.xml:63:13-44
178            android:enabled="true"
178-->[androidx.work:work-runtime:2.9.0] AndroidManifest.xml:64:13-35
179            android:exported="false" />
179-->[androidx.work:work-runtime:2.9.0] AndroidManifest.xml:65:13-37
180        <receiver
180-->[androidx.work:work-runtime:2.9.0] AndroidManifest.xml:67:9-77:20
181            android:name="androidx.work.impl.background.systemalarm.ConstraintProxy$BatteryChargingProxy"
181-->[androidx.work:work-runtime:2.9.0] AndroidManifest.xml:68:13-106
182            android:directBootAware="false"
182-->[androidx.work:work-runtime:2.9.0] AndroidManifest.xml:69:13-44
183            android:enabled="false"
183-->[androidx.work:work-runtime:2.9.0] AndroidManifest.xml:70:13-36
184            android:exported="false" >
184-->[androidx.work:work-runtime:2.9.0] AndroidManifest.xml:71:13-37
185            <intent-filter>
185-->[androidx.work:work-runtime:2.9.0] AndroidManifest.xml:73:13-76:29
186                <action android:name="android.intent.action.ACTION_POWER_CONNECTED" />
186-->[androidx.work:work-runtime:2.9.0] AndroidManifest.xml:74:17-87
186-->[androidx.work:work-runtime:2.9.0] AndroidManifest.xml:74:25-84
187                <action android:name="android.intent.action.ACTION_POWER_DISCONNECTED" />
187-->[androidx.work:work-runtime:2.9.0] AndroidManifest.xml:75:17-90
187-->[androidx.work:work-runtime:2.9.0] AndroidManifest.xml:75:25-87
188            </intent-filter>
189        </receiver>
190        <receiver
190-->[androidx.work:work-runtime:2.9.0] AndroidManifest.xml:78:9-88:20
191            android:name="androidx.work.impl.background.systemalarm.ConstraintProxy$BatteryNotLowProxy"
191-->[androidx.work:work-runtime:2.9.0] AndroidManifest.xml:79:13-104
192            android:directBootAware="false"
192-->[androidx.work:work-runtime:2.9.0] AndroidManifest.xml:80:13-44
193            android:enabled="false"
193-->[androidx.work:work-runtime:2.9.0] AndroidManifest.xml:81:13-36
194            android:exported="false" >
194-->[androidx.work:work-runtime:2.9.0] AndroidManifest.xml:82:13-37
195            <intent-filter>
195-->[androidx.work:work-runtime:2.9.0] AndroidManifest.xml:84:13-87:29
196                <action android:name="android.intent.action.BATTERY_OKAY" />
196-->[androidx.work:work-runtime:2.9.0] AndroidManifest.xml:85:17-77
196-->[androidx.work:work-runtime:2.9.0] AndroidManifest.xml:85:25-74
197                <action android:name="android.intent.action.BATTERY_LOW" />
197-->[androidx.work:work-runtime:2.9.0] AndroidManifest.xml:86:17-76
197-->[androidx.work:work-runtime:2.9.0] AndroidManifest.xml:86:25-73
198            </intent-filter>
199        </receiver>
200        <receiver
200-->[androidx.work:work-runtime:2.9.0] AndroidManifest.xml:89:9-99:20
201            android:name="androidx.work.impl.background.systemalarm.ConstraintProxy$StorageNotLowProxy"
201-->[androidx.work:work-runtime:2.9.0] AndroidManifest.xml:90:13-104
202            android:directBootAware="false"
202-->[androidx.work:work-runtime:2.9.0] AndroidManifest.xml:91:13-44
203            android:enabled="false"
203-->[androidx.work:work-runtime:2.9.0] AndroidManifest.xml:92:13-36
204            android:exported="false" >
204-->[androidx.work:work-runtime:2.9.0] AndroidManifest.xml:93:13-37
205            <intent-filter>
205-->[androidx.work:work-runtime:2.9.0] AndroidManifest.xml:95:13-98:29
206                <action android:name="android.intent.action.DEVICE_STORAGE_LOW" />
206-->[androidx.work:work-runtime:2.9.0] AndroidManifest.xml:96:17-83
206-->[androidx.work:work-runtime:2.9.0] AndroidManifest.xml:96:25-80
207                <action android:name="android.intent.action.DEVICE_STORAGE_OK" />
207-->[androidx.work:work-runtime:2.9.0] AndroidManifest.xml:97:17-82
207-->[androidx.work:work-runtime:2.9.0] AndroidManifest.xml:97:25-79
208            </intent-filter>
209        </receiver>
210        <receiver
210-->[androidx.work:work-runtime:2.9.0] AndroidManifest.xml:100:9-109:20
211            android:name="androidx.work.impl.background.systemalarm.ConstraintProxy$NetworkStateProxy"
211-->[androidx.work:work-runtime:2.9.0] AndroidManifest.xml:101:13-103
212            android:directBootAware="false"
212-->[androidx.work:work-runtime:2.9.0] AndroidManifest.xml:102:13-44
213            android:enabled="false"
213-->[androidx.work:work-runtime:2.9.0] AndroidManifest.xml:103:13-36
214            android:exported="false" >
214-->[androidx.work:work-runtime:2.9.0] AndroidManifest.xml:104:13-37
215            <intent-filter>
215-->[androidx.work:work-runtime:2.9.0] AndroidManifest.xml:106:13-108:29
216                <action android:name="android.net.conn.CONNECTIVITY_CHANGE" />
216-->[androidx.work:work-runtime:2.9.0] AndroidManifest.xml:107:17-79
216-->[androidx.work:work-runtime:2.9.0] AndroidManifest.xml:107:25-76
217            </intent-filter>
218        </receiver>
219        <receiver
219-->[androidx.work:work-runtime:2.9.0] AndroidManifest.xml:110:9-121:20
220            android:name="androidx.work.impl.background.systemalarm.RescheduleReceiver"
220-->[androidx.work:work-runtime:2.9.0] AndroidManifest.xml:111:13-88
221            android:directBootAware="false"
221-->[androidx.work:work-runtime:2.9.0] AndroidManifest.xml:112:13-44
222            android:enabled="false"
222-->[androidx.work:work-runtime:2.9.0] AndroidManifest.xml:113:13-36
223            android:exported="false" >
223-->[androidx.work:work-runtime:2.9.0] AndroidManifest.xml:114:13-37
224            <intent-filter>
224-->[androidx.work:work-runtime:2.9.0] AndroidManifest.xml:116:13-120:29
225                <action android:name="android.intent.action.BOOT_COMPLETED" />
225-->[androidx.work:work-runtime:2.9.0] AndroidManifest.xml:117:17-79
225-->[androidx.work:work-runtime:2.9.0] AndroidManifest.xml:117:25-76
226                <action android:name="android.intent.action.TIME_SET" />
226-->[androidx.work:work-runtime:2.9.0] AndroidManifest.xml:118:17-73
226-->[androidx.work:work-runtime:2.9.0] AndroidManifest.xml:118:25-70
227                <action android:name="android.intent.action.TIMEZONE_CHANGED" />
227-->[androidx.work:work-runtime:2.9.0] AndroidManifest.xml:119:17-81
227-->[androidx.work:work-runtime:2.9.0] AndroidManifest.xml:119:25-78
228            </intent-filter>
229        </receiver>
230        <receiver
230-->[androidx.work:work-runtime:2.9.0] AndroidManifest.xml:122:9-131:20
231            android:name="androidx.work.impl.background.systemalarm.ConstraintProxyUpdateReceiver"
231-->[androidx.work:work-runtime:2.9.0] AndroidManifest.xml:123:13-99
232            android:directBootAware="false"
232-->[androidx.work:work-runtime:2.9.0] AndroidManifest.xml:124:13-44
233            android:enabled="@bool/enable_system_alarm_service_default"
233-->[androidx.work:work-runtime:2.9.0] AndroidManifest.xml:125:13-72
234            android:exported="false" >
234-->[androidx.work:work-runtime:2.9.0] AndroidManifest.xml:126:13-37
235            <intent-filter>
235-->[androidx.work:work-runtime:2.9.0] AndroidManifest.xml:128:13-130:29
236                <action android:name="androidx.work.impl.background.systemalarm.UpdateProxies" />
236-->[androidx.work:work-runtime:2.9.0] AndroidManifest.xml:129:17-98
236-->[androidx.work:work-runtime:2.9.0] AndroidManifest.xml:129:25-95
237            </intent-filter>
238        </receiver>
239        <receiver
239-->[androidx.work:work-runtime:2.9.0] AndroidManifest.xml:132:9-142:20
240            android:name="androidx.work.impl.diagnostics.DiagnosticsReceiver"
240-->[androidx.work:work-runtime:2.9.0] AndroidManifest.xml:133:13-78
241            android:directBootAware="false"
241-->[androidx.work:work-runtime:2.9.0] AndroidManifest.xml:134:13-44
242            android:enabled="true"
242-->[androidx.work:work-runtime:2.9.0] AndroidManifest.xml:135:13-35
243            android:exported="true"
243-->[androidx.work:work-runtime:2.9.0] AndroidManifest.xml:136:13-36
244            android:permission="android.permission.DUMP" >
244-->[androidx.work:work-runtime:2.9.0] AndroidManifest.xml:137:13-57
245            <intent-filter>
245-->[androidx.work:work-runtime:2.9.0] AndroidManifest.xml:139:13-141:29
246                <action android:name="androidx.work.diagnostics.REQUEST_DIAGNOSTICS" />
246-->[androidx.work:work-runtime:2.9.0] AndroidManifest.xml:140:17-88
246-->[androidx.work:work-runtime:2.9.0] AndroidManifest.xml:140:25-85
247            </intent-filter>
248        </receiver>
249
250        <uses-library
250-->[androidx.window:window:1.0.0] AndroidManifest.xml:25:9-27:40
251            android:name="androidx.window.extensions"
251-->[androidx.window:window:1.0.0] AndroidManifest.xml:26:13-54
252            android:required="false" />
252-->[androidx.window:window:1.0.0] AndroidManifest.xml:27:13-37
253        <uses-library
253-->[androidx.window:window:1.0.0] AndroidManifest.xml:28:9-30:40
254            android:name="androidx.window.sidecar"
254-->[androidx.window:window:1.0.0] AndroidManifest.xml:29:13-51
255            android:required="false" />
255-->[androidx.window:window:1.0.0] AndroidManifest.xml:30:13-37
256
257        <service
257-->[androidx.room:room-runtime:2.5.0] AndroidManifest.xml:24:9-28:63
258            android:name="androidx.room.MultiInstanceInvalidationService"
258-->[androidx.room:room-runtime:2.5.0] AndroidManifest.xml:25:13-74
259            android:directBootAware="true"
259-->[androidx.room:room-runtime:2.5.0] AndroidManifest.xml:26:13-43
260            android:exported="false" />
260-->[androidx.room:room-runtime:2.5.0] AndroidManifest.xml:27:13-37
261        <service
261-->[androidx.car.app:app-projected:1.4.0] AndroidManifest.xml:24:9-34:19
262            android:name="androidx.car.app.CarAppMetadataHolderService"
262-->[androidx.car.app:app-projected:1.4.0] AndroidManifest.xml:25:13-72
263            android:enabled="false"
263-->[androidx.car.app:app-projected:1.4.0] AndroidManifest.xml:26:13-36
264            android:exported="false"
264-->[androidx.car.app:app-projected:1.4.0] AndroidManifest.xml:27:13-37
265            android:process="" >
265-->[androidx.car.app:app-projected:1.4.0] AndroidManifest.xml:28:13-31
266            <meta-data
266-->[androidx.car.app:app-projected:1.4.0] AndroidManifest.xml:31:13-33:89
267                android:name="androidx.car.app.CarAppMetadataHolderService.CAR_HARDWARE_MANAGER"
267-->[androidx.car.app:app-projected:1.4.0] AndroidManifest.xml:32:17-97
268                android:value="androidx.car.app.hardware.ProjectedCarHardwareManager" />
268-->[androidx.car.app:app-projected:1.4.0] AndroidManifest.xml:33:17-86
269        </service>
270
271        <receiver
271-->[androidx.profileinstaller:profileinstaller:1.3.0] AndroidManifest.xml:34:9-52:20
272            android:name="androidx.profileinstaller.ProfileInstallReceiver"
272-->[androidx.profileinstaller:profileinstaller:1.3.0] AndroidManifest.xml:35:13-76
273            android:directBootAware="false"
273-->[androidx.profileinstaller:profileinstaller:1.3.0] AndroidManifest.xml:36:13-44
274            android:enabled="true"
274-->[androidx.profileinstaller:profileinstaller:1.3.0] AndroidManifest.xml:37:13-35
275            android:exported="true"
275-->[androidx.profileinstaller:profileinstaller:1.3.0] AndroidManifest.xml:38:13-36
276            android:permission="android.permission.DUMP" >
276-->[androidx.profileinstaller:profileinstaller:1.3.0] AndroidManifest.xml:39:13-57
277            <intent-filter>
277-->[androidx.profileinstaller:profileinstaller:1.3.0] AndroidManifest.xml:40:13-42:29
278                <action android:name="androidx.profileinstaller.action.INSTALL_PROFILE" />
278-->[androidx.profileinstaller:profileinstaller:1.3.0] AndroidManifest.xml:41:17-91
278-->[androidx.profileinstaller:profileinstaller:1.3.0] AndroidManifest.xml:41:25-88
279            </intent-filter>
280            <intent-filter>
280-->[androidx.profileinstaller:profileinstaller:1.3.0] AndroidManifest.xml:43:13-45:29
281                <action android:name="androidx.profileinstaller.action.SKIP_FILE" />
281-->[androidx.profileinstaller:profileinstaller:1.3.0] AndroidManifest.xml:44:17-85
281-->[androidx.profileinstaller:profileinstaller:1.3.0] AndroidManifest.xml:44:25-82
282            </intent-filter>
283            <intent-filter>
283-->[androidx.profileinstaller:profileinstaller:1.3.0] AndroidManifest.xml:46:13-48:29
284                <action android:name="androidx.profileinstaller.action.SAVE_PROFILE" />
284-->[androidx.profileinstaller:profileinstaller:1.3.0] AndroidManifest.xml:47:17-88
284-->[androidx.profileinstaller:profileinstaller:1.3.0] AndroidManifest.xml:47:25-85
285            </intent-filter>
286            <intent-filter>
286-->[androidx.profileinstaller:profileinstaller:1.3.0] AndroidManifest.xml:49:13-51:29
287                <action android:name="androidx.profileinstaller.action.BENCHMARK_OPERATION" />
287-->[androidx.profileinstaller:profileinstaller:1.3.0] AndroidManifest.xml:50:17-95
287-->[androidx.profileinstaller:profileinstaller:1.3.0] AndroidManifest.xml:50:25-92
288            </intent-filter>
289        </receiver>
290    </application>
291
292</manifest>